<?xml version="1.0" encoding="UTF-8"?>
<!-- Generated by org.testng.reporters.JUnitReportReporter -->
<testsuite skipped="0" hostname="DESKTOP-ALDGQLE" name="vtiger.practice.TestNGPracticeTest" tests="2" failures="0" timestamp="2023-03-24T11:24:30 IST" time="0.016" errors="0">
  <testcase name="deleteUserTest" time="0.004" classname="vtiger.practice.TestNGPracticeTest"/>
  <system-out/>
  <testcase name="createUserTest" time="0.012" classname="vtiger.practice.TestNGPracticeTest"/>
  <system-out/>
</testsuite> <!-- vtiger.practice.TestNGPracticeTest -->
