<?xml version="1.0" encoding="UTF-8"?>
<!-- Generated by org.testng.reporters.JUnitReportReporter -->
<testsuite skipped="0" hostname="DESKTOP-ALDGQLE" name="vtiger.practice.DataProviderPractice" tests="3" failures="0" timestamp="2023-03-27T11:58:52 IST" time="0.023" errors="0">
  <testcase name="excelDate" time="0.011" classname="vtiger.practice.DataProviderPractice"/>
  <system-out/>
  <testcase name="excelDate" time="0.010" classname="vtiger.practice.DataProviderPractice"/>
  <system-out/>
  <testcase name="excelDate" time="0.002" classname="vtiger.practice.DataProviderPractice"/>
  <system-out/>
</testsuite> <!-- vtiger.practice.DataProviderPractice -->
